<?xml version="1.0" encoding="UTF-8"?>
<!-- Generated by org.testng.reporters.JUnitXMLReporter -->
<testsuite hostname="DESKTOP-QPDHJMK" ignored="0" name="Test" tests="6" failures="0" timestamp="23 Jul 2020 09:35:21 GMT" time="0.075" errors="0">
  <testcase name="deleteTwitter" time="0.036" classname="qaquickacademy.MavenJava.RestAPITest"/>
  <testcase name="postJira" time="0.001" classname="qaquickacademy.MavenJava.RestAPITest"/>
  <testcase name="elementsUI" time="0.002" classname="qaquickacademy.MavenJava.SeleniumTest"/>
  <testcase name="webAutomation" time="0.001" classname="qaquickacademy.MavenJava.SeleniumTest"/>
  <testcase name="iosApp" time="0.001" classname="qaquickacademy.MavenJava.AppiumTest"/>
  <testcase name="nativeApp" time="0.001" classname="qaquickacademy.MavenJava.AppiumTest"/>
</testsuite> <!-- Test -->
