<?xml version="1.0" encoding="UTF-8"?>
<!-- Generated by org.testng.reporters.JUnitXMLReporter -->
<testsuite hostname="DESKTOP-QPDHJMK" ignored="0" name="Test" tests="4" failures="0" timestamp="10 Jun 2020 21:14:54 GMT" time="0.034" errors="0">
  <testcase name="deleteTwitter" time="0.006" classname="qaquickacademy.MavenJava.RestAPITest"/>
  <testcase name="postJira" time="0.0" classname="qaquickacademy.MavenJava.RestAPITest"/>
  <testcase name="elementsUI" time="0.0" classname="qaquickacademy.MavenJava.SeleniumTest"/>
  <testcase name="webAutomation" time="0.0" classname="qaquickacademy.MavenJava.SeleniumTest"/>
</testsuite> <!-- Test -->
