<?xml version="1.0" encoding="UTF-8"?>
<testng-results skipped="0" failed="0" ignored="0" total="4" passed="4">
  <reporter-output>
  </reporter-output>
  <suite name="Suite" duration-ms="34" started-at="2020-06-10T21:14:54Z" finished-at="2020-06-10T21:14:54Z">
    <groups>
    </groups>
    <test name="Test" duration-ms="34" started-at="2020-06-10T21:14:54Z" finished-at="2020-06-10T21:14:54Z">
      <class name="qaquickacademy.MavenJava.SeleniumTest">
        <test-method status="PASS" signature="webAutomation()[pri:0, instance:qaquickacademy.MavenJava.SeleniumTest@614c5515]" name="webAutomation" duration-ms="0" started-at="2020-06-10T21:14:54Z" finished-at="2020-06-10T21:14:54Z">
          <reporter-output>
          </reporter-output>
        </test-method> <!-- webAutomation -->
        <test-method status="PASS" signature="elementsUI()[pri:0, instance:qaquickacademy.MavenJava.SeleniumTest@614c5515]" name="elementsUI" duration-ms="0" started-at="2020-06-10T21:14:54Z" finished-at="2020-06-10T21:14:54Z">
          <reporter-output>
          </reporter-output>
        </test-method> <!-- elementsUI -->
      </class> <!-- qaquickacademy.MavenJava.SeleniumTest -->
      <class name="qaquickacademy.MavenJava.RestAPITest">
        <test-method status="PASS" signature="deleteTwitter()[pri:0, instance:qaquickacademy.MavenJava.RestAPITest@6fb554cc]" name="deleteTwitter" duration-ms="6" started-at="2020-06-10T21:14:54Z" finished-at="2020-06-10T21:14:54Z">
          <reporter-output>
          </reporter-output>
        </test-method> <!-- deleteTwitter -->
        <test-method status="PASS" signature="postJira()[pri:0, instance:qaquickacademy.MavenJava.RestAPITest@6fb554cc]" name="postJira" duration-ms="0" started-at="2020-06-10T21:14:54Z" finished-at="2020-06-10T21:14:54Z">
          <reporter-output>
          </reporter-output>
        </test-method> <!-- postJira -->
      </class> <!-- qaquickacademy.MavenJava.RestAPITest -->
    </test> <!-- Test -->
  </suite> <!-- Suite -->
</testng-results>
